2024-12-03 13:41:58.210 [info] Getting Manifest... s3gf4ult.monokai-vibrant
2024-12-03 13:41:59.283 [info] Installing extension: s3gf4ult.monokai-vibrant {"isMachineScoped":false,"installPreReleaseVersion":false,"pinned":false,"profileLocation":{"$mid":1,"external":"vscode-userdata:/home/prakhar/.vscode/extensions/extensions.json","path":"/home/prakhar/.vscode/extensions/extensions.json","scheme":"vscode-userdata"},"installOnlyNewlyAddedFromExtensionPack":true,"isApplicationScoped":false,"productVersion":{"version":"1.95.3","date":"2024-11-13T14:50:04.152Z"}}
2024-12-03 13:42:02.240 [info] Extension signature verification result for s3gf4ult.monokai-vibrant: UnknownError. Executed: true. Duration: 14ms.
2024-12-03 13:42:02.268 [info] Extracted extension to file:///home/prakhar/.vscode/extensions/s3gf4ult.monokai-vibrant-0.5.3: s3gf4ult.monokai-vibrant
2024-12-03 13:42:02.275 [info] Renamed to /home/prakhar/.vscode/extensions/s3gf4ult.monokai-vibrant-0.5.3
2024-12-03 13:42:02.298 [info] Extension installed successfully: s3gf4ult.monokai-vibrant vscode-userdata:/home/prakhar/.vscode/extensions/extensions.json
2024-12-03 13:42:02.368 [error] [uncaught exception in sharedProcess]: Error: ENOENT: no such file or directory, stat '/home/prakhar/.vscode/extensions/extensions.json.vsctmp': EntryNotFound (FileSystemError): Error: ENOENT: no such file or directory, stat '/home/prakhar/.vscode/extensions/extensions.json.vsctmp'
    at hm.create (file:///opt/visual-studio-code/resources/app/out/vs/code/electron-utility/sharedProcess/sharedProcessMain.js:35:39254)
    at Es (file:///opt/visual-studio-code/resources/app/out/vs/code/electron-utility/sharedProcess/sharedProcessMain.js:35:39361)
    at Fr.ib (file:///opt/visual-studio-code/resources/app/out/vs/code/electron-utility/sharedProcess/sharedProcessMain.js:71:22677)
    at Fr.stat (file:///opt/visual-studio-code/resources/app/out/vs/code/electron-utility/sharedProcess/sharedProcessMain.js:71:16010)
    at async Zl.stat (file:///opt/visual-studio-code/resources/app/out/vs/code/electron-utility/sharedProcess/sharedProcessMain.js:70:84491)
    at async Jl.yb (file:///opt/visual-studio-code/resources/app/out/vs/code/electron-utility/sharedProcess/sharedProcessMain.js:70:66605)
2024-12-03 13:42:33.311 [info] Getting Manifest... vscodevim.vim
2024-12-03 13:42:33.681 [info] Installing extension: vscodevim.vim {"isMachineScoped":false,"installPreReleaseVersion":false,"pinned":false,"profileLocation":{"$mid":1,"external":"vscode-userdata:/home/prakhar/.vscode/extensions/extensions.json","path":"/home/prakhar/.vscode/extensions/extensions.json","scheme":"vscode-userdata"},"installOnlyNewlyAddedFromExtensionPack":true,"isApplicationScoped":false,"productVersion":{"version":"1.95.3","date":"2024-11-13T14:50:04.152Z"}}
2024-12-03 13:42:34.751 [info] Extension signature verification result for vscodevim.vim: UnknownError. Executed: true. Duration: 14ms.
2024-12-03 13:42:34.830 [info] Extracted extension to file:///home/prakhar/.vscode/extensions/vscodevim.vim-1.28.1: vscodevim.vim
2024-12-03 13:42:34.840 [info] Renamed to /home/prakhar/.vscode/extensions/vscodevim.vim-1.28.1
2024-12-03 13:42:34.869 [info] Extension installed successfully: vscodevim.vim vscode-userdata:/home/prakhar/.vscode/extensions/extensions.json
2024-12-03 13:42:34.924 [error] [uncaught exception in sharedProcess]: Error: ENOENT: no such file or directory, stat '/home/prakhar/.vscode/extensions/extensions.json.vsctmp': EntryNotFound (FileSystemError): Error: ENOENT: no such file or directory, stat '/home/prakhar/.vscode/extensions/extensions.json.vsctmp'
    at hm.create (file:///opt/visual-studio-code/resources/app/out/vs/code/electron-utility/sharedProcess/sharedProcessMain.js:35:39254)
    at Es (file:///opt/visual-studio-code/resources/app/out/vs/code/electron-utility/sharedProcess/sharedProcessMain.js:35:39361)
    at Fr.ib (file:///opt/visual-studio-code/resources/app/out/vs/code/electron-utility/sharedProcess/sharedProcessMain.js:71:22677)
    at Fr.stat (file:///opt/visual-studio-code/resources/app/out/vs/code/electron-utility/sharedProcess/sharedProcessMain.js:71:16010)
    at async Zl.stat (file:///opt/visual-studio-code/resources/app/out/vs/code/electron-utility/sharedProcess/sharedProcessMain.js:70:84491)
    at async Jl.yb (file:///opt/visual-studio-code/resources/app/out/vs/code/electron-utility/sharedProcess/sharedProcessMain.js:70:66605)
2024-12-03 13:42:57.569 [info] Getting Manifest... vscjava.vscode-java-dependency
2024-12-03 13:42:57.672 [info] Installing extension: vscjava.vscode-java-dependency {"isMachineScoped":false,"installPreReleaseVersion":false,"pinned":false,"profileLocation":{"$mid":1,"external":"vscode-userdata:/home/prakhar/.vscode/extensions/extensions.json","path":"/home/prakhar/.vscode/extensions/extensions.json","scheme":"vscode-userdata"},"installOnlyNewlyAddedFromExtensionPack":true,"isApplicationScoped":false,"productVersion":{"version":"1.95.3","date":"2024-11-13T14:50:04.152Z"}}
2024-12-03 13:42:58.871 [info] Extension signature verification result for vscjava.vscode-java-dependency: UnknownError. Executed: true. Duration: 12ms.
2024-12-03 13:42:58.917 [info] Extracted extension to file:///home/prakhar/.vscode/extensions/vscjava.vscode-java-dependency-0.24.1: vscjava.vscode-java-dependency
2024-12-03 13:42:58.925 [info] Renamed to /home/prakhar/.vscode/extensions/vscjava.vscode-java-dependency-0.24.1
2024-12-03 13:42:58.964 [info] Extension installed successfully: vscjava.vscode-java-dependency vscode-userdata:/home/prakhar/.vscode/extensions/extensions.json
2024-12-03 13:42:59.013 [error] [uncaught exception in sharedProcess]: Error: ENOENT: no such file or directory, stat '/home/prakhar/.vscode/extensions/extensions.json.vsctmp': EntryNotFound (FileSystemError): Error: ENOENT: no such file or directory, stat '/home/prakhar/.vscode/extensions/extensions.json.vsctmp'
    at hm.create (file:///opt/visual-studio-code/resources/app/out/vs/code/electron-utility/sharedProcess/sharedProcessMain.js:35:39254)
    at Es (file:///opt/visual-studio-code/resources/app/out/vs/code/electron-utility/sharedProcess/sharedProcessMain.js:35:39361)
    at Fr.ib (file:///opt/visual-studio-code/resources/app/out/vs/code/electron-utility/sharedProcess/sharedProcessMain.js:71:22677)
    at Fr.stat (file:///opt/visual-studio-code/resources/app/out/vs/code/electron-utility/sharedProcess/sharedProcessMain.js:71:16010)
    at async Zl.stat (file:///opt/visual-studio-code/resources/app/out/vs/code/electron-utility/sharedProcess/sharedProcessMain.js:70:84491)
    at async Jl.yb (file:///opt/visual-studio-code/resources/app/out/vs/code/electron-utility/sharedProcess/sharedProcessMain.js:70:66605)
2024-12-03 13:43:04.218 [info] Getting Manifest... vscjava.vscode-maven
2024-12-03 13:43:04.347 [info] Installing extension: vscjava.vscode-maven {"isMachineScoped":false,"installPreReleaseVersion":false,"pinned":false,"profileLocation":{"$mid":1,"external":"vscode-userdata:/home/prakhar/.vscode/extensions/extensions.json","path":"/home/prakhar/.vscode/extensions/extensions.json","scheme":"vscode-userdata"},"installOnlyNewlyAddedFromExtensionPack":true,"isApplicationScoped":false,"productVersion":{"version":"1.95.3","date":"2024-11-13T14:50:04.152Z"}}
2024-12-03 13:43:05.657 [info] Extension signature verification result for vscjava.vscode-maven: UnknownError. Executed: true. Duration: 15ms.
2024-12-03 13:43:05.802 [info] Extracted extension to file:///home/prakhar/.vscode/extensions/vscjava.vscode-maven-0.44.0: vscjava.vscode-maven
2024-12-03 13:43:05.820 [info] Renamed to /home/prakhar/.vscode/extensions/vscjava.vscode-maven-0.44.0
2024-12-03 13:43:05.848 [error] [uncaught exception in sharedProcess]: Error: ENOENT: no such file or directory, stat '/home/prakhar/.vscode/extensions/extensions.json.vsctmp': EntryNotFound (FileSystemError): Error: ENOENT: no such file or directory, stat '/home/prakhar/.vscode/extensions/extensions.json.vsctmp'
    at hm.create (file:///opt/visual-studio-code/resources/app/out/vs/code/electron-utility/sharedProcess/sharedProcessMain.js:35:39254)
    at Es (file:///opt/visual-studio-code/resources/app/out/vs/code/electron-utility/sharedProcess/sharedProcessMain.js:35:39361)
    at Fr.ib (file:///opt/visual-studio-code/resources/app/out/vs/code/electron-utility/sharedProcess/sharedProcessMain.js:71:22677)
    at Fr.stat (file:///opt/visual-studio-code/resources/app/out/vs/code/electron-utility/sharedProcess/sharedProcessMain.js:71:16010)
    at async Zl.stat (file:///opt/visual-studio-code/resources/app/out/vs/code/electron-utility/sharedProcess/sharedProcessMain.js:70:84491)
    at async Jl.yb (file:///opt/visual-studio-code/resources/app/out/vs/code/electron-utility/sharedProcess/sharedProcessMain.js:70:66605)
2024-12-03 13:43:05.853 [info] Extension installed successfully: vscjava.vscode-maven vscode-userdata:/home/prakhar/.vscode/extensions/extensions.json
2024-12-03 13:43:06.375 [info] Getting Manifest... vscjava.vscode-gradle
2024-12-03 13:43:06.412 [info] Installing extension: vscjava.vscode-gradle {"isMachineScoped":false,"installPreReleaseVersion":false,"pinned":false,"profileLocation":{"$mid":1,"external":"vscode-userdata:/home/prakhar/.vscode/extensions/extensions.json","path":"/home/prakhar/.vscode/extensions/extensions.json","scheme":"vscode-userdata"},"installOnlyNewlyAddedFromExtensionPack":true,"isApplicationScoped":false,"productVersion":{"version":"1.95.3","date":"2024-11-13T14:50:04.152Z"}}
2024-12-03 13:43:10.599 [info] Getting Manifest... vscjava.vscode-spring-initializr
2024-12-03 13:43:10.632 [info] Extension signature verification result for vscjava.vscode-gradle: UnknownError. Executed: true. Duration: 6ms.
2024-12-03 13:43:10.640 [info] Installing extension: vscjava.vscode-spring-initializr {"isMachineScoped":false,"installPreReleaseVersion":false,"pinned":false,"profileLocation":{"$mid":1,"external":"vscode-userdata:/home/prakhar/.vscode/extensions/extensions.json","path":"/home/prakhar/.vscode/extensions/extensions.json","scheme":"vscode-userdata"},"installOnlyNewlyAddedFromExtensionPack":true,"isApplicationScoped":false,"productVersion":{"version":"1.95.3","date":"2024-11-13T14:50:04.152Z"}}
2024-12-03 13:43:11.069 [info] Extension signature verification result for vscjava.vscode-spring-initializr: UnknownError. Executed: true. Duration: 8ms.
2024-12-03 13:43:11.093 [info] Extracted extension to file:///home/prakhar/.vscode/extensions/vscjava.vscode-spring-initializr-0.11.2: vscjava.vscode-spring-initializr
2024-12-03 13:43:11.101 [info] Renamed to /home/prakhar/.vscode/extensions/vscjava.vscode-spring-initializr-0.11.2
2024-12-03 13:43:11.119 [info] Extension installed successfully: vscjava.vscode-spring-initializr vscode-userdata:/home/prakhar/.vscode/extensions/extensions.json
2024-12-03 13:43:11.184 [error] [uncaught exception in sharedProcess]: Error: ENOENT: no such file or directory, stat '/home/prakhar/.vscode/extensions/extensions.json.vsctmp': EntryNotFound (FileSystemError): Error: ENOENT: no such file or directory, stat '/home/prakhar/.vscode/extensions/extensions.json.vsctmp'
    at hm.create (file:///opt/visual-studio-code/resources/app/out/vs/code/electron-utility/sharedProcess/sharedProcessMain.js:35:39254)
    at Es (file:///opt/visual-studio-code/resources/app/out/vs/code/electron-utility/sharedProcess/sharedProcessMain.js:35:39361)
    at Fr.ib (file:///opt/visual-studio-code/resources/app/out/vs/code/electron-utility/sharedProcess/sharedProcessMain.js:71:22677)
    at Fr.stat (file:///opt/visual-studio-code/resources/app/out/vs/code/electron-utility/sharedProcess/sharedProcessMain.js:71:16010)
    at async Zl.stat (file:///opt/visual-studio-code/resources/app/out/vs/code/electron-utility/sharedProcess/sharedProcessMain.js:70:84491)
    at async Jl.yb (file:///opt/visual-studio-code/resources/app/out/vs/code/electron-utility/sharedProcess/sharedProcessMain.js:70:66605)
2024-12-03 13:43:11.208 [info] Extracted extension to file:///home/prakhar/.vscode/extensions/vscjava.vscode-gradle-3.16.4: vscjava.vscode-gradle
2024-12-03 13:43:11.216 [info] Renamed to /home/prakhar/.vscode/extensions/vscjava.vscode-gradle-3.16.4
2024-12-03 13:43:11.237 [info] Extension installed successfully: vscjava.vscode-gradle vscode-userdata:/home/prakhar/.vscode/extensions/extensions.json
2024-12-03 13:43:38.241 [info] Getting Manifest... equinusocio.moxer-icons
2024-12-03 13:43:38.426 [info] Installing extension: equinusocio.moxer-icons {"isMachineScoped":false,"installPreReleaseVersion":false,"pinned":false,"profileLocation":{"$mid":1,"external":"vscode-userdata:/home/prakhar/.vscode/extensions/extensions.json","path":"/home/prakhar/.vscode/extensions/extensions.json","scheme":"vscode-userdata"},"installOnlyNewlyAddedFromExtensionPack":true,"isApplicationScoped":false,"productVersion":{"version":"1.95.3","date":"2024-11-13T14:50:04.152Z"}}
2024-12-03 13:43:39.542 [info] Extension signature verification result for equinusocio.moxer-icons: UnknownError. Executed: true. Duration: 6ms.
2024-12-03 13:43:39.584 [info] Extracted extension to file:///home/prakhar/.vscode/extensions/equinusocio.moxer-icons-5.12.1: equinusocio.moxer-icons
2024-12-03 13:43:39.591 [info] Renamed to /home/prakhar/.vscode/extensions/equinusocio.moxer-icons-5.12.1
2024-12-03 13:43:39.607 [info] Extension installed successfully: equinusocio.moxer-icons vscode-userdata:/home/prakhar/.vscode/extensions/extensions.json
2024-12-03 13:43:39.670 [error] [uncaught exception in sharedProcess]: Error: ENOENT: no such file or directory, stat '/home/prakhar/.vscode/extensions/extensions.json.vsctmp': EntryNotFound (FileSystemError): Error: ENOENT: no such file or directory, stat '/home/prakhar/.vscode/extensions/extensions.json.vsctmp'
    at hm.create (file:///opt/visual-studio-code/resources/app/out/vs/code/electron-utility/sharedProcess/sharedProcessMain.js:35:39254)
    at Es (file:///opt/visual-studio-code/resources/app/out/vs/code/electron-utility/sharedProcess/sharedProcessMain.js:35:39361)
    at Fr.ib (file:///opt/visual-studio-code/resources/app/out/vs/code/electron-utility/sharedProcess/sharedProcessMain.js:71:22677)
    at Fr.stat (file:///opt/visual-studio-code/resources/app/out/vs/code/electron-utility/sharedProcess/sharedProcessMain.js:71:16010)
    at async Zl.stat (file:///opt/visual-studio-code/resources/app/out/vs/code/electron-utility/sharedProcess/sharedProcessMain.js:70:84491)
    at async Jl.yb (file:///opt/visual-studio-code/resources/app/out/vs/code/electron-utility/sharedProcess/sharedProcessMain.js:70:66605)
2024-12-03 13:44:21.245 [info] Getting Manifest... monokai.theme-monokai-pro-vscode
2024-12-03 13:44:21.433 [info] Installing extension: monokai.theme-monokai-pro-vscode {"isMachineScoped":false,"installPreReleaseVersion":false,"pinned":false,"profileLocation":{"$mid":1,"external":"vscode-userdata:/home/prakhar/.vscode/extensions/extensions.json","path":"/home/prakhar/.vscode/extensions/extensions.json","scheme":"vscode-userdata"},"installOnlyNewlyAddedFromExtensionPack":true,"isApplicationScoped":false,"productVersion":{"version":"1.95.3","date":"2024-11-13T14:50:04.152Z"}}
2024-12-03 13:44:22.597 [info] Extension signature verification result for monokai.theme-monokai-pro-vscode: UnknownError. Executed: true. Duration: 14ms.
2024-12-03 13:44:22.630 [info] Extracted extension to file:///home/prakhar/.vscode/extensions/monokai.theme-monokai-pro-vscode-2.0.2: monokai.theme-monokai-pro-vscode
2024-12-03 13:44:22.637 [info] Renamed to /home/prakhar/.vscode/extensions/monokai.theme-monokai-pro-vscode-2.0.2
2024-12-03 13:44:22.663 [info] Extension installed successfully: monokai.theme-monokai-pro-vscode vscode-userdata:/home/prakhar/.vscode/extensions/extensions.json
2024-12-03 13:44:22.720 [error] [uncaught exception in sharedProcess]: Error: ENOENT: no such file or directory, stat '/home/prakhar/.vscode/extensions/extensions.json.vsctmp': EntryNotFound (FileSystemError): Error: ENOENT: no such file or directory, stat '/home/prakhar/.vscode/extensions/extensions.json.vsctmp'
    at hm.create (file:///opt/visual-studio-code/resources/app/out/vs/code/electron-utility/sharedProcess/sharedProcessMain.js:35:39254)
    at Es (file:///opt/visual-studio-code/resources/app/out/vs/code/electron-utility/sharedProcess/sharedProcessMain.js:35:39361)
    at Fr.ib (file:///opt/visual-studio-code/resources/app/out/vs/code/electron-utility/sharedProcess/sharedProcessMain.js:71:22677)
    at Fr.stat (file:///opt/visual-studio-code/resources/app/out/vs/code/electron-utility/sharedProcess/sharedProcessMain.js:71:16010)
    at async Zl.stat (file:///opt/visual-studio-code/resources/app/out/vs/code/electron-utility/sharedProcess/sharedProcessMain.js:70:84491)
    at async Jl.yb (file:///opt/visual-studio-code/resources/app/out/vs/code/electron-utility/sharedProcess/sharedProcessMain.js:70:66605)
2024-12-03 13:44:45.671 [info] Uninstalling extension from the profile: monokai.theme-monokai-pro-vscode@2.0.2 vscode-userdata:/home/prakhar/.vscode/extensions/extensions.json
2024-12-03 13:44:45.713 [info] Marked extension as uninstalled monokai.theme-monokai-pro-vscode-2.0.2
2024-12-03 13:44:45.764 [error] [uncaught exception in sharedProcess]: Error: ENOENT: no such file or directory, stat '/home/prakhar/.vscode/extensions/extensions.json.vsctmp': EntryNotFound (FileSystemError): Error: ENOENT: no such file or directory, stat '/home/prakhar/.vscode/extensions/extensions.json.vsctmp'
    at hm.create (file:///opt/visual-studio-code/resources/app/out/vs/code/electron-utility/sharedProcess/sharedProcessMain.js:35:39254)
    at Es (file:///opt/visual-studio-code/resources/app/out/vs/code/electron-utility/sharedProcess/sharedProcessMain.js:35:39361)
    at Fr.ib (file:///opt/visual-studio-code/resources/app/out/vs/code/electron-utility/sharedProcess/sharedProcessMain.js:71:22677)
    at Fr.stat (file:///opt/visual-studio-code/resources/app/out/vs/code/electron-utility/sharedProcess/sharedProcessMain.js:71:16010)
    at async Zl.stat (file:///opt/visual-studio-code/resources/app/out/vs/code/electron-utility/sharedProcess/sharedProcessMain.js:70:84491)
    at async Jl.yb (file:///opt/visual-studio-code/resources/app/out/vs/code/electron-utility/sharedProcess/sharedProcessMain.js:70:66605)
2024-12-03 13:44:47.248 [info] Successfully uninstalled extension from the profile monokai.theme-monokai-pro-vscode@2.0.2 vscode-userdata:/home/prakhar/.vscode/extensions/extensions.json
2024-12-03 13:44:50.326 [info] Getting Manifest... fabiospampinato.vscode-monokai-night
2024-12-03 13:44:50.401 [info] Installing extension: fabiospampinato.vscode-monokai-night {"isMachineScoped":false,"installPreReleaseVersion":false,"pinned":false,"profileLocation":{"$mid":1,"external":"vscode-userdata:/home/prakhar/.vscode/extensions/extensions.json","path":"/home/prakhar/.vscode/extensions/extensions.json","scheme":"vscode-userdata"},"installOnlyNewlyAddedFromExtensionPack":true,"isApplicationScoped":false,"productVersion":{"version":"1.95.3","date":"2024-11-13T14:50:04.152Z"}}
2024-12-03 13:44:51.120 [info] Extension signature verification result for fabiospampinato.vscode-monokai-night: UnknownError. Executed: true. Duration: 9ms.
2024-12-03 13:44:51.133 [info] Extracted extension to file:///home/prakhar/.vscode/extensions/fabiospampinato.vscode-monokai-night-1.7.1: fabiospampinato.vscode-monokai-night
2024-12-03 13:44:51.140 [info] Renamed to /home/prakhar/.vscode/extensions/fabiospampinato.vscode-monokai-night-1.7.1
2024-12-03 13:44:51.164 [info] Extension installed successfully: fabiospampinato.vscode-monokai-night vscode-userdata:/home/prakhar/.vscode/extensions/extensions.json
2024-12-03 13:44:51.224 [error] [uncaught exception in sharedProcess]: Error: ENOENT: no such file or directory, stat '/home/prakhar/.vscode/extensions/extensions.json.vsctmp': EntryNotFound (FileSystemError): Error: ENOENT: no such file or directory, stat '/home/prakhar/.vscode/extensions/extensions.json.vsctmp'
    at hm.create (file:///opt/visual-studio-code/resources/app/out/vs/code/electron-utility/sharedProcess/sharedProcessMain.js:35:39254)
    at Es (file:///opt/visual-studio-code/resources/app/out/vs/code/electron-utility/sharedProcess/sharedProcessMain.js:35:39361)
    at Fr.ib (file:///opt/visual-studio-code/resources/app/out/vs/code/electron-utility/sharedProcess/sharedProcessMain.js:71:22677)
    at Fr.stat (file:///opt/visual-studio-code/resources/app/out/vs/code/electron-utility/sharedProcess/sharedProcessMain.js:71:16010)
    at async Zl.stat (file:///opt/visual-studio-code/resources/app/out/vs/code/electron-utility/sharedProcess/sharedProcessMain.js:70:84491)
    at async Jl.yb (file:///opt/visual-studio-code/resources/app/out/vs/code/electron-utility/sharedProcess/sharedProcessMain.js:70:66605)
