2024-12-03 13:41:23.971 [info] Added views:outline in workbench.view.explorer
2024-12-03 13:41:23.971 [info] Added views:workbench.view.search in workbench.view.search
2024-12-03 13:41:23.971 [info] Added views:workbench.scm in workbench.view.scm
2024-12-03 13:41:23.971 [info] Added views:workbench.panel.markers.view in workbench.panel.markers
2024-12-03 13:41:23.971 [info] Added views:workbench.panel.output in workbench.panel.output
2024-12-03 13:41:23.971 [info] Added views:terminal in terminal
2024-12-03 13:41:23.971 [info] Added views:timeline in workbench.view.explorer
2024-12-03 13:41:23.971 [info] Added views:workbench.explorer.emptyView in workbench.view.explorer
2024-12-03 13:41:24.212 [info] Added views:workbench.debug.variablesView,workbench.debug.watchExpressionsView,workbench.debug.callStackView,workbench.debug.breakPointsView in workbench.view.debug
2024-12-03 13:41:24.242 [info] Added views:~remote.forwardedPorts in ~remote.forwardedPortsContainer
2024-12-03 13:41:24.381 [info] Added views:workbench.panel.repl.view in workbench.panel.repl
2024-12-03 13:41:24.382 [info] Removed views:workbench.debug.breakPointsView,workbench.debug.callStackView,workbench.debug.watchExpressionsView,workbench.debug.variablesView from workbench.view.debug
2024-12-03 13:41:24.382 [info] Added views:workbench.debug.welcome in workbench.view.debug
2024-12-03 13:41:34.653 [info] Added views:workbench.views.extensions.installed,workbench.views.extensions.popular,extensions.recommendedList in workbench.view.extensions
2024-12-03 13:41:34.654 [info] Removed views:workbench.views.extensions.popular from workbench.view.extensions
2024-12-03 13:41:34.758 [info] Added views:workbench.views.extensions.popular in workbench.view.extensions
2024-12-03 13:41:46.092 [info] Removed views:extensions.recommendedList,workbench.views.extensions.popular,workbench.views.extensions.installed from workbench.view.extensions
2024-12-03 13:41:46.096 [info] Added views:workbench.views.extensions.marketplace in workbench.view.extensions
2024-12-03 13:42:40.618 [info] Removed views:workbench.views.extensions.marketplace from workbench.view.extensions
2024-12-03 13:42:40.627 [info] Added views:workbench.views.extensions.installed,workbench.views.extensions.popular,extensions.recommendedList in workbench.view.extensions
2024-12-03 13:42:43.246 [info] Removed views:extensions.recommendedList,workbench.views.extensions.popular,workbench.views.extensions.installed from workbench.view.extensions
2024-12-03 13:42:43.257 [info] Added views:workbench.views.extensions.marketplace in workbench.view.extensions
2024-12-03 13:43:05.887 [info] Added views:mavenProjects in workbench.view.explorer
2024-12-03 13:43:16.592 [info] Added views:outline in workbench.view.explorer
2024-12-03 13:43:16.592 [info] Added views:workbench.view.search in workbench.view.search
2024-12-03 13:43:16.592 [info] Added views:workbench.scm in workbench.view.scm
2024-12-03 13:43:16.592 [info] Added views:workbench.panel.markers.view in workbench.panel.markers
2024-12-03 13:43:16.592 [info] Added views:workbench.panel.output in workbench.panel.output
2024-12-03 13:43:16.592 [info] Added views:terminal in terminal
2024-12-03 13:43:16.592 [info] Added views:timeline in workbench.view.explorer
2024-12-03 13:43:16.592 [info] Added views:workbench.explorer.fileView in workbench.view.explorer
2024-12-03 13:43:16.820 [info] Added views:workbench.debug.variablesView,workbench.debug.watchExpressionsView,workbench.debug.callStackView,workbench.debug.breakPointsView in workbench.view.debug
2024-12-03 13:43:16.845 [info] Added views:~remote.forwardedPorts in ~remote.forwardedPortsContainer
2024-12-03 13:43:16.935 [info] Added views:workbench.panel.repl.view in workbench.panel.repl
2024-12-03 13:43:16.937 [info] Removed views:workbench.debug.breakPointsView,workbench.debug.callStackView,workbench.debug.watchExpressionsView,workbench.debug.variablesView from workbench.view.debug
2024-12-03 13:43:16.937 [info] Added views:workbench.debug.welcome in workbench.view.debug
2024-12-03 13:43:29.611 [info] Added views:workbench.views.extensions.installed,workbench.views.extensions.popular,extensions.recommendedList in workbench.view.extensions
2024-12-03 13:43:29.613 [info] Removed views:workbench.views.extensions.popular from workbench.view.extensions
2024-12-03 13:43:31.845 [info] Removed views:extensions.recommendedList,workbench.views.extensions.installed from workbench.view.extensions
2024-12-03 13:43:31.849 [info] Added views:workbench.views.extensions.marketplace in workbench.view.extensions
