Jul 13 10:18 : state_file: Unrecognized line in state file: ## Copyright (C) 2020-2023 Aditya Shakya <adi1090x@gmail.com>
Jul 13 10:18 : state_file: Unrecognized line in state file:
Jul 13 10:23 : player: played "NEFFEX - Grateful [Copyright Free].mp3"
Jul 13 10:39 : player: played "NEFFEX - Grateful [Copyright Free].mp3"
Jul 13 11:11 : player: played "NEFFEX - Grateful [Copyright Free].mp3"
Jul 13 15:56 : exception: No such directory
Jul 13 15:56 : exception: Failed to open '/home/prakhar/.mpd/playlists/Music.m3u': No such file or directory
Jul 13 15:56 : exception: No such playlist
Jul 13 16:02 : update: added /Aditya Rikhari - Dil Hai Na.mp3
Jul 13 16:02 : update: added /Atif Aslam - Pehli Nazar Mein (From 'Race').mp3
Jul 13 16:02 : update: added /Jasleen Royal - Nit Nit.mp3
Jul 13 16:02 : update: added /Rahat Fateh Ali Khan, Tanishk Bagchi - Nit Khair Manga.mp3
Jul 13 16:02 : update: added /Pritam, Shafqat Amanat Ali - Tu Hi Mera.mp3
Jul 13 16:02 : update: added /Kshitij Tarey, Saim Bhat, Mithoon - Aye Khuda.mp3
Jul 13 16:02 : update: added /Javed Ali, Jojo Nathaniel, Pritam - Aa Jao Meri Tamanna.mp3
Jul 13 16:02 : update: added /Salim–Sulaiman, Sonu Nigam, Shreya Ghoshal, Salim Merchant - Shukran Allah.mp3
Jul 13 16:02 : update: added /Anu Malik, Papon, Varun Grover - Moh Moh Ke Dhaage (Male).mp3
Jul 13 16:02 : update: added /Falak Shabbir - Mera Mann Kehne Laga.mp3
Jul 13 16:02 : update: added /Arjun Kanungo, Momina Mustehsan - Aaya Na Tu.mp3
Jul 13 16:02 : update: added /Atif Aslam, Alisha Chinai, Pritam - Tera Hone Laga Hoon.mp3
Jul 13 16:02 : update: added /Arijit Singh, Siddharth - Garima - Laal Ishq.mp3
Jul 13 16:02 : update: added /Amit Trivedi, Kavita Seth, Amitabh Bhattacharya - Iktara.mp3
Jul 13 16:02 : update: added /Shankar-Ehsaan-Loy, Shaan, Vasundhara Das, Loy Mendonsa, Shankar Mahadevan - Where's the Party Tonight.mp3
Jul 13 16:02 : update: added /Mohit Chauhan - Masakali.mp3
Jul 13 16:02 : update: added /Nilotpal Bora, Hussain Haidry - Dhaaga.mp3
Jul 13 16:02 : update: added /Yashraj, Dropped Out, Talwiinder - Dhundhala.mp3
Jul 13 16:02 : update: added /Mohit Chauhan - Kyun Dil Mera - From 'Paharganj'.mp3
Jul 13 16:02 : update: added /Shankar Mahadevan, Shreya Ghoshal - Tere Naina.mp3
Jul 13 16:02 : update: added /Tulsi Kumar, KK - Piya Aaye Na.mp3
Jul 13 16:02 : update: added /Pritam, Mohit Chauhan - Rab Ka Shukrana.mp3
Jul 13 16:02 : update: added /Rochak Kohli, Ayushmann Khurrana - Mitti Di Khushboo.mp3
Jul 13 16:02 : update: added /Dream Note - Waqt Ki Baatein.mp3
Jul 13 16:02 : update: added /Harish Sagane, Raj Barman - Jeene De Na.mp3
Jul 13 16:02 : update: added /Atif Aslam, Shiraz Uppal - Pehli Dafa.mp3
Jul 13 16:02 : update: added /Shafqat Amanat Ali - Dildaara (Stand By Me).mp3
Jul 13 16:02 : update: added /Roop Kumar Rathod - Maula Mere Maula.mp3
Jul 13 16:02 : update: added /Tanishk Bagchi, Jubin Nautiyal, Asees Kaur - Raataan Lambiyan.mp3
Jul 13 16:02 : update: added /Pritam, Javed Ali - Tum Mile - Love Reprise.mp3
Jul 13 16:02 : update: added /Bobby-Imran, Arijit Singh - Tu Har Lamha.mp3
Jul 13 16:02 : update: added /A.R. Rahman, Javed Ali, KIRTI SAGATHIA, Pooja AV - Tum Tak.mp3
Jul 13 16:02 : update: added /Bombay Jayashri - Zara Zara.mp3
Jul 13 16:02 : update: added /Sona Mohapatra, Ravindra Upadhyay - Jiya Lage Na.mp3
Jul 13 16:02 : update: added /Javed-Mohsin, Arijit Singh, Shreya Ghoshal, Kunaal Vermaa, Prashant Ingole - Pal.mp3
Jul 13 16:02 : update: added /Atif Aslam, Pritam - Tu Jaane Na.mp3
Jul 13 16:02 : update: added /Jubin Nautiyal, Prakriti Kakar - Agar Tum Saath Ho-Maahi Ve (From 'T-Series Mixtape').mp3
Jul 13 16:02 : update: added /Sanam, Simran Sehgal - Yeh Raaten Yeh Mausam.mp3
Jul 13 16:02 : update: added /Vishal-Shekhar, Shaan, Gayatri Iyer, Jaideep Sahni - My Dil Goes Mmmm.mp3
Jul 13 16:02 : update: added /Pritam, KK - Labon Ko.mp3
Jul 13 16:02 : update: added /Amaal Mallik, Arijit Singh, Tulsi Kumar - Soch Na Sake.mp3
Jul 13 16:02 : update: added /A.R. Rahman - Maahi Ve.mp3
Jul 13 16:02 : update: added /Falak Shabbir - Saajna.mp3
Jul 13 16:02 : update: added /Jasleen Royal, B Praak, Romy, Anvita Dutt - Ranjha (From 'Shershaah').mp3
Jul 13 16:02 : update: added /Sohail Sen, Mohit Chauhan, Tarannum Malik Jain, Kausar Munir - Saiyaara.mp3
Jul 13 16:02 : update: added /Mohit Chauhan - Phir Se Ud Chala.mp3
Jul 13 16:02 : update: updating /N3WPORT - Power (feat. braev) [NCS Release].mp3
Jul 13 16:02 : update: added /Pritam, Arijit Singh - Raabta.mp3
Jul 13 16:02 : update: added /Pritam, Shafqat Amanat Ali - Teri Jhuki Nazar.mp3
Jul 13 16:02 : update: added /Gajendra Verma - Mann Mera (From 'Table No. 21').mp3
Jul 13 16:02 : update: added /Twin Strings - Dhalti Rahe - Stripped..mp3
Jul 13 16:02 : update: added /Amit Trivedi - Zinda.mp3
Jul 13 16:02 : update: added /Karthik Rao - Main Bola Hey!.mp3
Jul 13 16:02 : update: added /Hasan Raheem, Abdullah Kasumbi - Aisay Kaisay.mp3
Jul 13 16:02 : update: added /Darshan Raval - Main Woh Chaand.mp3
Jul 13 16:02 : update: added /The Local Train - Aaoge Tum Kabhi.mp3
Jul 13 16:02 : update: added /Momina Mustehsan, Asim Azhar - Tera Woh Pyar (Nawazishein Karam).mp3
Jul 13 16:02 : update: added /Salim–Sulaiman, Rahat Fateh Ali Khan, Jaideep Sahni - O Re Piya.mp3
Jul 13 16:02 : update: added /Rahat Fateh Ali Khan, Suzanne D'Mello - Surili Akhiyon Wale (From 'Veer').mp3
Jul 13 16:02 : update: added /Dhruv Sthetick - Tu Nasha.mp3
Jul 13 16:02 : update: added /A.R. Rahman, Rabbi, Gulzar - Challa.mp3
Jul 13 16:02 : update: added /Vishal-Shekhar, KK, Shilpa Rao, Anvita Dutt Guptan - Khuda Jaane.mp3
Jul 13 16:02 : update: added /Shivoryx, Ronit Vinta - Woh Raat.mp3
Jul 13 16:02 : update: added /Shankar-Ehsaan-Loy, Sonu Nigam - Kal Ho Naa Ho.mp3
Jul 13 16:02 : update: added /Shankar-Ehsaan-Loy, Adnan Sami, Shankar Mahadevan, Shreya Ghoshal - Noor E Khuda.mp3
Jul 13 16:02 : update: added /Aditya Rikhari - Faasle.mp3
Jul 13 16:02 : update: added /KK - Ajab Si.mp3
Jul 13 16:02 : update: added /Shaan - Dastaan - E - Om Shanti Om.mp3
Jul 13 16:02 : update: added /Pritam, KK - Alvida.mp3
Jul 13 16:02 : update: added /Salim–Sulaiman, Salim Merchant - Ali Maula.mp3
Jul 13 16:02 : update: added /A.R. Rahman, Chinmayi, Murtuza Khan, Qadir Khan - Tere Bina.mp3
Jul 13 16:02 : update: added /Osho Jain - Tu Aisa Kaise Hai.mp3
Jul 13 16:02 : update: added /Twin Strings - Dhalti Rahe.mp3
Jul 13 16:02 : update: added /Kailash Kher, Paresh Kamath, Naresh Kamath - Teri Deewani.mp3
Jul 13 16:02 : update: added /Zaeden - tere bina.mp3
Jul 13 16:02 : update: added /Swanand Kirkire, Amitabh Bhattacharya - Monta Re.mp3
Jul 13 16:02 : update: added /James - Bheegi Bheegi.mp3
Jul 13 16:02 : update: added /Vishal-Shekhar, Papon, Irshad Kamil - Bulleya.mp3
Jul 13 16:02 : update: added /Pritam, Nikhil D'Souza - Mere Bina.mp3
Jul 13 16:02 : update: added /Salim–Sulaiman, Rahat Fateh Ali Khan - Saaiyaan.mp3
Jul 13 16:02 : update: added /Amit Trivedi - Madhubala.mp3
Jul 13 16:02 : update: added /Pritam, Arijit Singh - Ae Dil Hai Mushkil Title Track.mp3
Jul 13 16:02 : update: added /Mohit Chauhan, Alma Ferovic - Aur Ho.mp3
Jul 13 16:02 : update: added /Sachin-Jigar, Shreya Ghoshal, Tochi Raina - Saibo.mp3
Jul 13 16:02 : update: added /KK - Pyaar Ke Pal.mp3
Jul 13 16:02 : update: added /Vishal-Shekhar, Lucky Ali, Shreya Ghoshal, Anvita Dutt Guptan - Aahista Aahista.mp3
Jul 13 16:02 : update: added /Mohammed Irfan, Arijit Singh, Saim Bhat - Phir Mohabbat.mp3
Jul 13 16:02 : update: added /Javed Ali, Kailash Kher - Arziyan.mp3
Jul 13 16:02 : update: added /Omar Mukhtar - Jia.mp3
Jul 13 16:02 : update: added /Sona Mohapatra, Armaan Malik - Naina.mp3
Jul 13 16:02 : update: added /Harshit Saxena - Hale Dil.mp3
Jul 13 16:02 : update: added /Rahat Fateh Ali Khan, Pritam - Ajj Din Chadheya.mp3
Jul 13 16:02 : update: added /Arijit Singh - Humdard.mp3
Jul 13 16:02 : update: added /Shankar-Ehsaan-Loy, Sukhwinder Singh, Loy Mendonsa, Shankar Mahadevan - Slow Motion Angreza.mp3
Jul 13 16:02 : update: added /Shankar-Ehsaan-Loy, Alka Yagnik, Shaan - Kuch To Hua Hai.mp3
Jul 13 16:02 : update: added /AMAN - Akela Hoon.mp3
Jul 13 16:02 : update: added /Pritam, Mohit Chauhan, Antara Mitra - Bheegi Si Bhaagi Si (From 'Raajneeti').mp3
Jul 13 16:02 : update: added /Pritam, Soham - In Dino.mp3
Jul 13 16:02 : update: added /Vishal Dadlani, Sunidhi Chauhan - Mar Jayian Romantic (From 'Vicky Donor').mp3
Jul 13 16:02 : update: added /Shankar-Ehsaan-Loy, Alisha Chinai, Shankar Mahadevan, Javed Ali, Gulzar - Kajra Re.mp3
Jul 13 16:02 : update: added /Kailash Kher, Paresh Kamath, Naresh Kamath - Saiyyan.mp3
Jul 13 16:02 : update: added /Armaan Malik, Amaal Mallik, Rashmi Virag - Bol Do Na Zara.mp3
Jul 13 16:02 : update: added /Atif Aslam - Aadat.mp3
Jul 13 16:02 : update: added /Muhammad Ali - Rafta Rafta Woh Meri Hasti Ka Saman Ho Gaye.mp3
Jul 13 16:02 : update: added /Pritam, Mohit Chauhan - Tujhko Jo Paaya.mp3
Jul 13 16:02 : update: added /Mohit Chauhan, Shekhar Ravjiani, Shruti Pathak - Tujhe Bhula Diya.mp3
Jul 13 16:02 : update: added /A.R. Rahman, Javed Ali, Mohit Chauhan - Kun Faya Kun.mp3
Jul 13 16:02 : update: added /Sultana, Jyoti Nooran - Patakha Guddi.mp3
Jul 13 16:02 : update: added /Rashid Ali - Kabhi Kabhi Aditi.mp3
Jul 13 16:02 : update: added /Sachin-Jigar, Arijit Singh, Priya Saraiya - Haareya.mp3
Jul 13 16:02 : update: added /Atif Aslam, Shreya Ghoshal, Sachin-Jigar - Piya O Re Piya.mp3
Jul 13 16:02 : update: added /A.R. Rahman, Jaswinder Singh, Shiraz Uppal - Raanjhanaa.mp3
Jul 13 16:02 : update: updating /Culture Code - Make Me Move (feat. Karra) [NCS Release].mp3
Jul 13 16:02 : update: added /Shankar-Ehsaan-Loy, Rahat Fateh Ali Khan, Mahalakshmi Iyer, Gulzar - Bol Na Halke Halke.mp3
Jul 13 16:02 : update: added /Rahat Fateh Ali Khan, Asees Kaur, Tanishk Bagchi - Tere Bin (From 'Simmba').mp3
Jul 13 16:02 : update: added /Mohit Chauhan, Rochak Kohli - Rang Lageya.mp3
Jul 13 16:02 : update: added /Sanam, Laxmikant–Pyarelal - Mere Mehboob Qayamat Hogi.mp3
Jul 13 16:02 : update: added /Anuv Jain - Baarishein.mp3
Jul 13 16:02 : update: added /Mohit Chauhan, Suzanne D'Mello - Tum Ho.mp3
Jul 13 16:02 : update: added /Pritam, Mohit Chauhan - Tum Se Hi.mp3
Jul 13 16:02 : update: added /Jagjit Singh - Koi Fariyaad.mp3
Jul 13 16:02 : update: added /Darshan Raval - Hawa Banke.mp3
Jul 13 16:02 : update: added /Atif Aslam - Woh Lamhe Woh Baatein.mp3
Jul 13 16:02 : update: added /Sukhwinder Singh, Sapna Awasthi - Chaiyya Chaiyya.mp3
Jul 13 16:02 : update: added /A.R. Rahman, Javed Ali - Jashn-E-Bahaaraa.mp3
Jul 13 16:02 : update: added /Aditya Rikhari - Aana Nahi.mp3
Jul 13 16:02 : update: added /Nabeel Shaukat Ali - Bewajah.mp3
Jul 13 16:02 : update: added /Mustafa Zahid - Tera Mera Rishta.mp3
Jul 13 16:02 : update: updating /Cartoon - On & On (feat. Daniel Levi) [NCS Release].mp3
Jul 13 16:02 : update: added /Prateek Kuhad - Kasoor.mp3
Jul 13 16:02 : update: added /Pritam, KK - O Meri Jaan.mp3
Jul 13 16:02 : update: added /Arijit Singh, Chinmayi - Mast Magan.mp3
Jul 13 16:02 : update: added /Pritam, Mohit Chauhan - Yeh Dooriyan.mp3
Jul 13 16:02 : update: added /Vishal-Shekhar, Shafqat Amanat Ali, Sunidhi Chauhan - Bin Tere.mp3
Jul 13 16:02 : update: added /Darshan Raval - Asal Mein.mp3
Jul 13 16:02 : update: added /Vishal-Shekhar, Suraj Jagan, Mahalakshmi Iyer - Sadka.mp3
Jul 13 16:02 : update: updating /NEFFEX - Grateful [Copyright Free].mp3
Jul 13 16:02 : update: added /Jeet Gannguli, Arijit Singh - Khamoshiyan.mp3
Jul 13 16:02 : update: added /Hasan Raheem, Umair, Talwiinder - Wishes.mp3
Jul 13 16:02 : update: added /Sadhana Sargam, Udit Narayan - Aao Naa.mp3
Jul 13 16:02 : update: added /Amit Trivedi, Javed Ali, Shreya Ghoshal, Kausar Munir - Ishaqzaade.mp3
Jul 13 16:02 : update: added /Sanam, R. D. Burman - O Mere Dil Ke Chain.mp3
Jul 13 16:02 : update: added /Pritam, James - Rishtey.mp3
Jul 13 16:02 : update: added /Pritam, Rahat Fateh Ali Khan, Tulsi Kumar - Tum Jo Aaye.mp3
Jul 13 16:02 : update: added /Twin Strings - Doorie.mp3
Jul 13 16:02 : update: added /Kailash Kher - Ya Rabba.mp3
Jul 13 16:02 : update: added /Pritam, Mohit Chauhan, Shreya Ghoshal - Dil Ye Bekarar Kyun Hai.mp3
Jul 13 16:02 : update: added /Pritam, Soham Chakraborty, Akriti Kakar, Monali Thakur - Khudaya Khair.mp3
Jul 13 16:02 : update: added /Rekha Bhardwaj, Arijit Singh - Judaai (From 'Badlapur).mp3
Jul 13 16:02 : update: added /Shankar-Ehsaan-Loy, Shafqat Amanat Ali - Tere Naina.mp3
Jul 13 16:02 : update: added /Kaavish, Quratulain Balouch - Faasle.mp3
Jul 13 16:02 : update: added /Atif Aslam - Tajdar-E-Haram Coke Studio Season 8.mp3
Jul 13 16:02 : update: added /Twin Strings - Baarish Ka Asar.mp3
Jul 13 16:02 : update: added /Mohit Chauhan, Shreya Ghoshal, Pritam - Is This Love.mp3
Jul 13 16:02 : update: added /Aditya Rikhari - Samjho Na.mp3
Jul 13 16:02 : update: added /Alka Yagnik, Arijit Singh - Agar Tum Saath Ho.mp3
Jul 13 16:02 : update: added /Pritam, KK - Zara Sa.mp3
Jul 13 16:02 : update: added /Prateek Kuhad - Saansein.mp3
Jul 13 16:02 : update: added /Amaal Mallik, Armaan Malik, Rashmi Virag - Main Rahoon Ya Na Rahoon.mp3
Jul 13 16:02 : update: added /Jeet Gannguli, Arijit Singh - Hamari Adhuri Kahani (Title Track).mp3
Jul 13 16:02 : update: added /Aditya Rikhari - Kya Karein.mp3
Jul 13 16:02 : update: added /Avinash Gupta - Mann Ki Lagan.mp3
Jul 13 16:02 : update: added /Lucky Ali - Hairat.mp3
Jul 13 16:02 : update: added /Pritam, Shaan, Sultan Khan - Aao Milo Chalo.mp3
Jul 13 16:02 : update: added /Pritam, Javed Bashir - Ye Tune Kya Kiya.mp3
Jul 13 16:02 : update: added /Mithoon, Papon - Humnava.mp3
Jul 13 16:02 : update: added /Jatin-Lalit, Sonu Nigam, Sunidhi Chauhan, Aamir Khan, Kajol, Prasoon Joshi - Mere Haath Mein.mp3
Jul 13 16:02 : update: added /Shankar-Ehsaan-Loy, Sadhana Sargam, Hariharan - Kitni Baatein.mp3
Jul 13 16:02 : update: added /Shankar-Ehsaan-Loy, Shankar Mahadevan, Caralisa Monteiro, Shafqat Amanat Ali - Mitwa.mp3
Jul 13 16:02 : update: added /Vishal-Shekhar, Vishal Dadlani - Jab Mila Tu.mp3
Jul 13 16:02 : update: added /Vishal-Shekhar, Chinmayi, Shekhar Ravjiani - Zehnaseeb.mp3
Jul 13 16:02 : update: added /Bayaan - Nahin Milta.mp3
Jul 13 16:02 : update: added /The Local Train - Choo Lo.mp3
Jul 13 16:02 : update: added /Raghav Chaitanya, Anurag Saikia - Ek Tukda Dhoop (From 'Thappad').mp3
Jul 13 16:02 : update: added /Shankar-Ehsaan-Loy, Shreya Ghoshal, Javed Bashir, Yusuf Mohammed, Vajid Ali - O Rangrez.mp3
Jul 13 16:02 : update: added /Pritam, Mohit Chauhan - Pee Loon.mp3
Jul 13 16:02 : update: added /Call - Laaree Chootee.mp3
Jul 13 16:02 : update: added /Raju Singh, Sonu Nigam, Shreya Ghoshal - Soniyo (From 'RAAZ - The Mystery Continues').mp3
Jul 13 16:02 : update: added /Rahat Fateh Ali Khan, Richa Sharma - Jag Soona Soona Lage.mp3
Jul 13 16:02 : update: added /Dino James - Yaadein.mp3
Jul 13 16:02 : update: added /Kamal Khan - Ishq Sufiyana (Male).mp3
Jul 13 16:02 : update: added /KK - Beete Lamhein.mp3
Jul 13 16:02 : update: added /Shafqat Amanat Ali, Clinton Cerejo - Darmiyaan.mp3
Jul 13 16:02 : update: added /Pratsofficial - Aziyat 2.0 - Reprise Version.mp3
Jul 13 16:02 : update: added /Armaan Malik - Jab Tak (From 'M.S.Dhoni - The Untold Story').mp3
Jul 13 16:02 : update: added /Mithoon - Darkhaast (feat. Arijit Singh, Sunidhi Chauhan).mp3
Jul 13 16:02 : update: added /Jatin-Lalit, Alka Yagnik, Babul Supriyo, Prasoon Joshi - Hum Tum.mp3
Jul 13 16:02 : update: updating /Janji - Heroes Tonight (feat. Johnning) [NCS Release].mp3
Jul 13 16:02 : update: added /Salim–Sulaiman, Roop Kumar Rathod, Jaideep Sahni - Tujh Mein Rab Dikhta Hai.mp3
Jul 13 16:02 : update: added /Pritam, Arijit Singh - Saware.mp3
Jul 13 16:02 : update: added /Sohail Sen, Shahid Mallya, Irshad Kamil - Saaiyaan.mp3
Jul 13 16:02 : update: added /Sonu Nigam, Shreya Ghoshal - Main Agar Kahoon.mp3
Jul 13 16:02 : update: added /Rahat Fateh Ali Khan - Aas Paas Khuda.mp3
Jul 13 16:02 : update: added /Vishal-Shekhar, Shreya Ghoshal, Sona Mohapatra - Bahara.mp3
Jul 13 16:02 : update: added /Neeti Mohan, Shekhar Ravjiani, Abhijit Vaghani - Kahin Toh Hogi Woh-Teri Aahatein.mp3
Jul 13 16:02 : update: added /Palak Muchhal, Arijit Singh - Teri Meri Kahaani.mp3
Jul 13 16:02 : update: added /Shankar-Ehsaan-Loy, Rahat Fateh Ali Khan, Shankar Mahadevan, Richa Sharma - Sajdaa.mp3
Jul 13 16:02 : update: added /Jeet Gannguli, Arijit Singh - Baatein Ye Kabhi Na (From 'Khamoshiyan') - Male.mp3
Jul 13 16:02 : update: added /Amit Trivedi, Nikhil D'Souza, Neuman Pinto - Sham.mp3
Jul 13 16:02 : update: added /Sohail Sen, Rahat Fateh Ali Khan, Irshad Kamil - Isq Risk.mp3
Jul 13 16:02 : update: added /Adnan Dhool, Momina Mustehsan - Awari.mp3
Jul 13 16:02 : update: added /Pritam, Papon - Jiyein Kyun.mp3
Jul 13 16:02 : update: added /Darshan Raval, Aditi Singh Sharma - Bekhudi.mp3
Jul 13 16:02 : update: added /Amit Trivedi, Anusha Mani, Neuman Pinto, Nikhil D'Souza - Lehrein.mp3
Jul 13 16:02 : update: added /Rashid Khan - Aaoge Jab Tum.mp3
Jul 13 16:02 : update: added /Monty Sharma, Shaan - Jab Se Tere Naina.mp3
Jul 13 16:02 : update: added /Rabbi Shergill - Tere Bin.mp3
Jul 13 16:02 : update: added /Benny Dayal, Shreya Ghoshal - Kaise Mujhe.mp3
Jul 13 16:02 : update: added /Bayaan - Teri Tasveer.mp3
Jul 13 16:02 : update: added /Rahat Fateh Ali Khan - Jiya Dhadak Dhadak Jaye.mp3
Jul 13 16:02 : update: added /Master Saleem, Manan Bhardwaj, Nusrat Fateh Ali Khan - Akhiyan Udeek Diyan (From 'Shiddat').mp3
Jul 13 16:02 : update: added /Mohammed Irfan - Banjaara.mp3
Jul 13 16:02 : update: added /Ali Sethi - Chan Kithan.mp3
Jul 13 16:02 : update: added /Armaan Malik - Besabriyaan.mp3
Jul 13 16:02 : update: added /Shankar-Ehsaan-Loy, Javed Bashir - Mera Yaar.mp3
Jul 13 16:02 : update: added /Asfar Hussain, Arooj Aftab - Mehram.mp3
Jul 13 16:02 : update: added /Sonu Nigam, Sabri Brothers - Tumse Milke Dil Ka.mp3
Jul 13 16:02 : update: added /Manan Bhardwaj - Shiddat Title Track.mp3
Jul 13 16:02 : update: added /Kishore Kumar, R. D. Burman - Yeh Jo Mohabbat Hai.mp3
Jul 13 16:02 : update: added /Rahat Fateh Ali Khan - Mann Ki Lagan.mp3
Jul 13 16:02 : update: added /Ankit Tiwari - Agar Tu Hota.mp3
Jul 13 16:02 : update: added /Twin Strings - Tujhse Hoti Hai Subha.mp3
Jul 13 16:02 : update: added /Arijit Singh - Main Dhoondne Ko Zamaane Mein.mp3
Jul 13 16:02 : update: added /Pritam, Sreeram, Shilpa Rao - Subhanallah.mp3
Jul 13 16:02 : update: added /Amit Trivedi, Nakash Aziz, Ash King - Suno Aisha.mp3
Jul 13 16:02 : update: added /Sunidhi Chauhan - Aa Zara.mp3
Jul 13 16:02 : update: added /Anirudh Sharma - Kaise Kahu.mp3
Jul 13 16:02 : update: added /A.R. Rahman, Rashid Ali, Neeti Mohan - Nazar Laaye - Reprise.mp3
Jul 13 16:02 : update: added /Darshan Raval - Mujhe Peene Do 2.0.mp3
Jul 13 16:32 : player: played "NEFFEX - Grateful [Copyright Free].mp3"
Jul 13 17:28 : exception: No such directory
Jul 13 17:28 : exception: Failed to open '/home/prakhar/.mpd/playlists/das.m3u': No such file or directory
Jul 13 17:28 : exception: No such playlist
Jul 13 17:28 : exception: Failed to open /home/prakhar/.mpd/playlists: No such file or directory
Jul 13 17:28 : exception: Failed to open /home/prakhar/.mpd/playlists: No such file or directory
Jul 13 17:28 : exception: Failed to open /home/prakhar/.mpd/playlists: No such file or directory
Jul 13 17:28 : exception: Failed to open /home/prakhar/.mpd/playlists: No such file or directory
Jul 13 17:28 : exception: Failed to open /home/prakhar/.mpd/playlists: No such file or directory
Jul 13 17:28 : exception: Failed to open /home/prakhar/.mpd/playlists: No such file or directory
