2024-12-03 13:41:24.332 [info] Extension host with pid 35616 started
2024-12-03 13:41:24.383 [info] ExtensionService#_doActivateExtension vscode.git-base, startup: true, activationEvent: '*', root cause: vscode.git
2024-12-03 13:41:24.408 [info] ExtensionService#_doActivateExtension vscode.git, startup: true, activationEvent: '*'
2024-12-03 13:41:24.451 [info] ExtensionService#_doActivateExtension vscode.github, startup: true, activationEvent: '*'
2024-12-03 13:41:24.517 [info] Eager extensions activated
2024-12-03 13:41:24.520 [info] ExtensionService#_doActivateExtension vscode.debug-auto-launch, startup: false, activationEvent: 'onStartupFinished'
2024-12-03 13:41:24.522 [info] ExtensionService#_doActivateExtension vscode.merge-conflict, startup: false, activationEvent: 'onStartupFinished'
2024-12-03 13:41:34.725 [info] ExtensionService#_doActivateExtension vscode.emmet, startup: false, activationEvent: 'onLanguage'
2024-12-03 13:42:04.414 [info] ExtensionService#_doActivateExtension vscode.configuration-editing, startup: false, activationEvent: 'onLanguage:jsonc'
2024-12-03 13:42:04.422 [info] ExtensionService#_doActivateExtension vscode.json-language-features, startup: false, activationEvent: 'onLanguage:jsonc'
2024-12-03 13:42:04.462 [info] ExtensionService#_doActivateExtension vscode.typescript-language-features, startup: false, activationEvent: 'onLanguage:jsonc'
2024-12-03 13:42:34.954 [info] ExtensionService#_doActivateExtension vscodevim.vim, startup: false, activationEvent: 'onStartupFinished'
2024-12-03 13:42:36.025 [error] Error: ENOENT: no such file or directory, open '/home/prakhar/.config/Code/User/globalStorage/vscodevim.vim/.registers'
2024-12-03 13:43:16.299 [info] Extension host terminating: renderer closed the MessagePort
2024-12-03 13:43:16.316 [error] Error: ENOENT: no such file or directory, open '/home/prakhar/.config/Code/User/globalStorage/vscodevim.vim/.registers'
2024-12-03 13:43:16.317 [info] Extension host with pid 35616 exiting with code 0
2024-12-03 13:43:16.898 [info] Extension host with pid 36238 started
2024-12-03 13:43:16.898 [info] Skipping acquiring lock for /home/prakhar/.config/Code/User/workspaceStorage/123fcc74e3faba5dafcb08c17680d268.
2024-12-03 13:43:16.937 [info] ExtensionService#_doActivateExtension vscode.git-base, startup: true, activationEvent: '*'
2024-12-03 13:43:16.947 [info] ExtensionService#_doActivateExtension vscode.github, startup: true, activationEvent: '*'
2024-12-03 13:43:16.986 [info] Eager extensions activated
2024-12-03 13:43:17.027 [info] ExtensionService#_doActivateExtension vscode.debug-auto-launch, startup: false, activationEvent: 'onStartupFinished'
2024-12-03 13:43:17.030 [info] ExtensionService#_doActivateExtension vscode.merge-conflict, startup: false, activationEvent: 'onStartupFinished'
2024-12-03 13:43:17.045 [info] ExtensionService#_doActivateExtension vscodevim.vim, startup: false, activationEvent: 'onStartupFinished'
2024-12-03 13:43:18.130 [error] Error: ENOENT: no such file or directory, open '/home/prakhar/.config/Code/User/globalStorage/vscodevim.vim/.registers'
2024-12-03 13:43:19.384 [info] ExtensionService#_doActivateExtension vscode.git, startup: false, activationEvent: 'api', root cause: vscode.github
2024-12-03 13:43:28.117 [info] ExtensionService#_doActivateExtension vscode.emmet, startup: false, activationEvent: 'onLanguage'
2024-12-03 13:44:22.759 [info] ExtensionService#_doActivateExtension monokai.theme-monokai-pro-vscode, startup: false, activationEvent: 'onStartupFinished'
2024-12-03 13:44:53.029 [info] ExtensionService#_doActivateExtension vscode.configuration-editing, startup: false, activationEvent: 'onLanguage:jsonc'
2024-12-03 13:44:53.036 [info] ExtensionService#_doActivateExtension vscode.json-language-features, startup: false, activationEvent: 'onLanguage:jsonc'
2024-12-03 13:44:53.077 [info] ExtensionService#_doActivateExtension vscode.typescript-language-features, startup: false, activationEvent: 'onLanguage:jsonc'
2024-12-03 13:45:02.462 [info] Extension host terminating: renderer closed the MessagePort
2024-12-03 13:45:02.474 [error] Error: ENOENT: no such file or directory, open '/home/prakhar/.config/Code/User/globalStorage/vscodevim.vim/.registers'
2024-12-03 13:45:02.474 [info] Extension host with pid 36238 exiting with code 0
