2024-12-03 13:41:24.546 [info] [main] Log level: Info
2024-12-03 13:41:24.546 [info] [main] Validating found git in: "git"
2024-12-03 13:41:24.546 [info] [main] Using git "2.47.1" from "git"
2024-12-03 13:41:24.546 [info] [Model][doInitialScan] Initial repository scan started
2024-12-03 13:41:24.546 [info] [Model][doInitialScan] Initial repository scan completed - repositories (0), closed repositories (0), parent repositories (0), unsafe repositories (0)
2024-12-03 13:43:19.470 [info] [main] Log level: Info
2024-12-03 13:43:19.470 [info] [main] Validating found git in: "git"
2024-12-03 13:43:19.470 [info] [main] Using git "2.47.1" from "git"
2024-12-03 13:43:19.470 [info] [Model][doInitialScan] Initial repository scan started
2024-12-03 13:43:19.470 [info] > git rev-parse --show-toplevel [2ms]
2024-12-03 13:43:19.470 [info] fatal: not a git repository (or any of the parent directories): .git
2024-12-03 13:43:19.470 [info] [Model][doInitialScan] Initial repository scan completed - repositories (0), closed repositories (0), parent repositories (0), unsafe repositories (0)
2024-12-03 13:43:28.106 [info] > git rev-parse --show-toplevel [1ms]
2024-12-03 13:43:28.106 [info] fatal: not a git repository (or any of the parent directories): .git
2024-12-03 13:43:48.244 [info] > git rev-parse --show-toplevel [1ms]
2024-12-03 13:43:48.244 [info] fatal: not a git repository (or any of the parent directories): .git
2024-12-03 13:44:22.694 [info] > git rev-parse --show-toplevel [3ms]
2024-12-03 13:44:22.694 [info] fatal: not a git repository (or any of the parent directories): .git
2024-12-03 13:44:53.161 [info] > git rev-parse --show-toplevel [4ms]
2024-12-03 13:44:53.161 [info] fatal: not a git repository (or any of the parent directories): .git
2024-12-03 13:44:55.529 [info] > git rev-parse --show-toplevel [1ms]
2024-12-03 13:44:55.529 [info] fatal: not a git repository (or any of the parent directories): .git
